<?xml version="1.0" encoding="UTF-8"?>
<!-- Generated by org.testng.reporters.JUnitReportReporter -->
<testsuite skipped="0" hostname="Rehan-PC" name="RestAssuredTest" tests="1" failures="0" timestamp="2021-07-15T15:21:33 IST" time="0.503" errors="0">
  <testcase name="myBooking" time="0.503" classname="RestAssuredTest"/>
  <system-out/>
</testsuite> <!-- RestAssuredTest -->
